main.obj : error LNK2019: "public: __cdecl T_Array<class Student,int>::T_Array<class Student,int>(int,class std::basic_string<char,struct std::char_traits<char>,class std::allocator<char> >)" (??0?$T_Array@VStudent@@H@@QEAA@HV?$basic_string@DU?$char_traits@D@std@@V?$allocator@D@2@@std@@@Z)main 함수에서 참조되는 확인할 수 없는 외부 기호
main.obj : error LNK2019: "public: __cdecl T_Array<class Student,int>::~T_Array<class Student,int>(void)" (??1?$T_Array@VStudent@@H@@QEAA@XZ)main 함수에서 참조되는 확인할 수 없는 외부 기호
main.obj : error LNK2019: "public: void __cdecl T_Array<class Student,int>::insert(int,class Student)" (?insert@?$T_Array@VStudent@@H@@QEAAXHVStudent@@@Z)main 함수에서 참조되는 확인할 수 없는 외부 기호
main.obj : error LNK2019: "public: void __cdecl T_Array<class Student,int>::selection_sort(class std::basic_string<char,struct std::char_traits<char>,class std::allocator<char> >,enum SortingOrder)" (?selection_sort@?$T_Array@VStudent@@H@@QEAAXV?$basic_string@DU?$char_traits@D@std@@V?$allocator@D@2@@std@@W4SortingOrder@@@Z)main 함수에서 참조되는 확인할 수 없는 외부 기호
main.obj : error LNK2019: "public: void __cdecl T_Array<class Student,int>::print(int)" (?print@?$T_Array@VStudent@@H@@QEAAXH@Z)main 함수에서 참조되는 확인할 수 없는 외부 기호
main.obj : error LNK2019: "public: __cdecl T_Array<class Student,double>::T_Array<class Student,double>(int,class std::basic_string<char,struct std::char_traits<char>,class std::allocator<char> >)" (??0?$T_Array@VStudent@@N@@QEAA@HV?$basic_string@DU?$char_traits@D@std@@V?$allocator@D@2@@std@@@Z)main 함수에서 참조되는 확인할 수 없는 외부 기호
main.obj : error LNK2019: "public: __cdecl T_Array<class Student,double>::~T_Array<class Student,double>(void)" (??1?$T_Array@VStudent@@N@@QEAA@XZ)main 함수에서 참조되는 확인할 수 없는 외부 기호
main.obj : error LNK2019: "public: void __cdecl T_Array<class Student,double>::insert(int,class Student)" (?insert@?$T_Array@VStudent@@N@@QEAAXHVStudent@@@Z)main 함수에서 참조되는 확인할 수 없는 외부 기호
main.obj : error LNK2019: "public: void __cdecl T_Array<class Student,double>::selection_sort(class std::basic_string<char,struct std::char_traits<char>,class std::allocator<char> >,enum SortingOrder)" (?selection_sort@?$T_Array@VStudent@@N@@QEAAXV?$basic_string@DU?$char_traits@D@std@@V?$allocator@D@2@@std@@W4SortingOrder@@@Z)main 함수에서 참조되는 확인할 수 없는 외부 기호
main.obj : error LNK2019: "public: void __cdecl T_Array<class Student,double>::print(int)" (?print@?$T_Array@VStudent@@N@@QEAAXH@Z)main 함수에서 참조되는 확인할 수 없는 외부 기호
main.obj : error LNK2019: "public: __cdecl T_Array<class Student,class std::basic_string<char,struct std::char_traits<char>,class std::allocator<char> > >::T_Array<class Student,class std::basic_string<char,struct std::char_traits<char>,class std::allocator<char> > >(int,class std::basic_string<char,struct std::char_traits<char>,class std::allocator<char> >)" (??0?$T_Array@VStudent@@V?$basic_string@DU?$char_traits@D@std@@V?$allocator@D@2@@std@@@@QEAA@HV?$basic_string@DU?$char_traits@D@std@@V?$allocator@D@2@@std@@@Z)main 함수에서 참조되는 확인할 수 없는 외부 기호
main.obj : error LNK2019: "public: __cdecl T_Array<class Student,class std::basic_string<char,struct std::char_traits<char>,class std::allocator<char> > >::~T_Array<class Student,class std::basic_string<char,struct std::char_traits<char>,class std::allocator<char> > >(void)" (??1?$T_Array@VStudent@@V?$basic_string@DU?$char_traits@D@std@@V?$allocator@D@2@@std@@@@QEAA@XZ)main 함수에서 참조되는 확인할 수 없는 외부 기호
main.obj : error LNK2019: "public: void __cdecl T_Array<class Student,class std::basic_string<char,struct std::char_traits<char>,class std::allocator<char> > >::insert(int,class Student)" (?insert@?$T_Array@VStudent@@V?$basic_string@DU?$char_traits@D@std@@V?$allocator@D@2@@std@@@@QEAAXHVStudent@@@Z)main 함수에서 참조되는 확인할 수 없는 외부 기호
main.obj : error LNK2019: "public: void __cdecl T_Array<class Student,class std::basic_string<char,struct std::char_traits<char>,class std::allocator<char> > >::selection_sort(class std::basic_string<char,struct std::char_traits<char>,class std::allocator<char> >,enum SortingOrder)" (?selection_sort@?$T_Array@VStudent@@V?$basic_string@DU?$char_traits@D@std@@V?$allocator@D@2@@std@@@@QEAAXV?$basic_string@DU?$char_traits@D@std@@V?$allocator@D@2@@std@@W4SortingOrder@@@Z)main 함수에서 참조되는 확인할 수 없는 외부 기호
main.obj : error LNK2019: "public: void __cdecl T_Array<class Student,class std::basic_string<char,struct std::char_traits<char>,class std::allocator<char> > >::print(int)" (?print@?$T_Array@VStudent@@V?$basic_string@DU?$char_traits@D@std@@V?$allocator@D@2@@std@@@@QEAAXH@Z)main 함수에서 참조되는 확인할 수 없는 외부 기호
main.obj : error LNK2019: "public: __cdecl T_Array<class Student,class Date>::T_Array<class Student,class Date>(int,class std::basic_string<char,struct std::char_traits<char>,class std::allocator<char> >)" (??0?$T_Array@VStudent@@VDate@@@@QEAA@HV?$basic_string@DU?$char_traits@D@std@@V?$allocator@D@2@@std@@@Z)main 함수에서 참조되는 확인할 수 없는 외부 기호
main.obj : error LNK2019: "public: __cdecl T_Array<class Student,class Date>::~T_Array<class Student,class Date>(void)" (??1?$T_Array@VStudent@@VDate@@@@QEAA@XZ)main 함수에서 참조되는 확인할 수 없는 외부 기호
main.obj : error LNK2019: "public: void __cdecl T_Array<class Student,class Date>::insert(int,class Student)" (?insert@?$T_Array@VStudent@@VDate@@@@QEAAXHVStudent@@@Z)main 함수에서 참조되는 확인할 수 없는 외부 기호
main.obj : error LNK2019: "public: void __cdecl T_Array<class Student,class Date>::selection_sort(class std::basic_string<char,struct std::char_traits<char>,class std::allocator<char> >,enum SortingOrder)" (?selection_sort@?$T_Array@VStudent@@VDate@@@@QEAAXV?$basic_string@DU?$char_traits@D@std@@V?$allocator@D@2@@std@@W4SortingOrder@@@Z)main 함수에서 참조되는 확인할 수 없는 외부 기호
main.obj : error LNK2019: "public: void __cdecl T_Array<class Student,class Date>::print(int)" (?print@?$T_Array@VStudent@@VDate@@@@QEAAXH@Z)main 함수에서 참조되는 확인할 수 없는 외부 기호
main.obj : error LNK2019: "public: __cdecl T_Array<class Student,class Time>::T_Array<class Student,class Time>(int,class std::basic_string<char,struct std::char_traits<char>,class std::allocator<char> >)" (??0?$T_Array@VStudent@@VTime@@@@QEAA@HV?$basic_string@DU?$char_traits@D@std@@V?$allocator@D@2@@std@@@Z)main 함수에서 참조되는 확인할 수 없는 외부 기호
main.obj : error LNK2019: "public: __cdecl T_Array<class Student,class Time>::~T_Array<class Student,class Time>(void)" (??1?$T_Array@VStudent@@VTime@@@@QEAA@XZ)main 함수에서 참조되는 확인할 수 없는 외부 기호
main.obj : error LNK2019: "public: void __cdecl T_Array<class Student,class Time>::insert(int,class Student)" (?insert@?$T_Array@VStudent@@VTime@@@@QEAAXHVStudent@@@Z)main 함수에서 참조되는 확인할 수 없는 외부 기호
main.obj : error LNK2019: "public: void __cdecl T_Array<class Student,class Time>::selection_sort(class std::basic_string<char,struct std::char_traits<char>,class std::allocator<char> >,enum SortingOrder)" (?selection_sort@?$T_Array@VStudent@@VTime@@@@QEAAXV?$basic_string@DU?$char_traits@D@std@@V?$allocator@D@2@@std@@W4SortingOrder@@@Z)main 함수에서 참조되는 확인할 수 없는 외부 기호
main.obj : error LNK2019: "public: void __cdecl T_Array<class Student,class Time>::print(int)" (?print@?$T_Array@VStudent@@VTime@@@@QEAAXH@Z)main 함수에서 참조되는 확인할 수 없는 외부 기호
MSVCRTD.lib(exe_winmain.obj) : error LNK2019: WinMain"int __cdecl invoke_main(void)" (?invoke_main@@YAHXZ) 함수에서 참조되는 확인할 수 없는 외부 기호
D:\C++\Lab07_22012225_손보경\x64\Debug\Lab07_22012225_손보경.exe : fatal error LNK1120: 26개의 확인할 수 없는 외부 참조입니다.
